#
# There is insufficient memory for the Java Runtime Environment to continue.
# Native memory allocation (malloc) failed to allocate 32744 bytes for ChunkPool::allocate
# Possible reasons:
#   The system is out of physical RAM or swap space
#   In 32 bit mode, the process size limit was hit
# Possible solutions:
#   Reduce memory load on the system
#   Increase physical memory or swap space
#   Check if swap backing store is full
#   Use 64 bit Java on a 64 bit OS
#   Decrease Java heap size (-Xmx/-Xms)
#   Decrease number of Java threads
#   Decrease Java thread stack sizes (-Xss)
#   Set larger code cache with -XX:ReservedCodeCacheSize=
# This output file may be truncated or incomplete.
#
#  Out of Memory Error (allocation.cpp:273), pid=212, tid=0x0000000000002a34
#
# JRE version: Java(TM) SE Runtime Environment (8.0_121-b13) (build 1.8.0_121-b13)
# Java VM: Java HotSpot(TM) 64-Bit Server VM (25.121-b13 mixed mode windows-amd64 compressed oops)
# Failed to write core dump. Minidumps are not enabled by default on client versions of Windows
#

---------------  T H R E A D  ---------------

Current thread (0x000000001e9fb000):  JavaThread "C2 CompilerThread0" daemon [_thread_in_native, id=10804, stack(0x000000001f1d0000,0x000000001f2d0000)]

Stack: [0x000000001f1d0000,0x000000001f2d0000]
[error occurred during error reporting (printing stack bounds), id 0xc0000005]

Native frames: (J=compiled Java code, j=interpreted, Vv=VM code, C=native code)


Current CompileTask:
C2:  31849 7168   !   4       org.springframework.util.ReflectionUtils::doWithMethods (176 bytes)


---------------  P R O C E S S  ---------------

Java Threads: ( => current thread )
  0x0000000020f12000 JavaThread "http-nio-8080-AsyncTimeout" daemon [_thread_blocked, id=132, stack(0x000000002a1c0000,0x000000002a2c0000)]
  0x0000000020f11800 JavaThread "http-nio-8080-Acceptor-0" daemon [_thread_in_native, id=228, stack(0x000000002a0c0000,0x000000002a1c0000)]
  0x0000000020f10000 JavaThread "http-nio-8080-ClientPoller-1" daemon [_thread_in_native, id=2052, stack(0x0000000029fc0000,0x000000002a0c0000)]
  0x0000000020f16800 JavaThread "http-nio-8080-ClientPoller-0" daemon [_thread_in_native, id=12852, stack(0x0000000029c70000,0x0000000029d70000)]
  0x0000000020f13000 JavaThread "NioBlockingSelector.BlockPoller-1" daemon [_thread_in_native, id=10164, stack(0x0000000029b70000,0x0000000029c70000)]
  0x00000000233ae800 JavaThread "Abandoned connection cleanup thread" daemon [_thread_blocked, id=13496, stack(0x0000000029070000,0x0000000029170000)]
  0x00000000233b4800 JavaThread "Tomcat JDBC Pool Cleaner[1256950597:1510160684196]" daemon [_thread_blocked, id=12548, stack(0x0000000028f70000,0x0000000029070000)]
  0x00000000233b3000 JavaThread "container-0" [_thread_blocked, id=5636, stack(0x0000000028590000,0x0000000028690000)]
  0x00000000233ae000 JavaThread "ContainerBackgroundProcessor[StandardEngine[Tomcat]]" daemon [_thread_blocked, id=13524, stack(0x0000000027260000,0x0000000027360000)]
  0x000000001eaa6800 JavaThread "Service Thread" daemon [_thread_blocked, id=10380, stack(0x000000001f5d0000,0x000000001f6d0000)]
  0x000000001cb0a800 JavaThread "C1 CompilerThread3" daemon [_thread_blocked, id=1840, stack(0x000000001f4d0000,0x000000001f5d0000)]
  0x000000001ea03000 JavaThread "C2 CompilerThread2" daemon [_thread_in_native, id=11976, stack(0x000000001f3d0000,0x000000001f4d0000)]
  0x000000001e9fe000 JavaThread "C2 CompilerThread1" daemon [_thread_in_native, id=13536, stack(0x000000001f2d0000,0x000000001f3d0000)]
=>0x000000001e9fb000 JavaThread "C2 CompilerThread0" daemon [_thread_in_native, id=10804, stack(0x000000001f1d0000,0x000000001f2d0000)]
  0x000000001e9f9000 JavaThread "Attach Listener" daemon [_thread_blocked, id=8408, stack(0x000000001f0d0000,0x000000001f1d0000)]
  0x000000001e9f8000 JavaThread "Signal Dispatcher" daemon [_thread_blocked, id=11152, stack(0x000000001efd0000,0x000000001f0d0000)]
  0x000000001e9f0800 JavaThread "Finalizer" daemon [_thread_blocked, id=3308, stack(0x000000001edd0000,0x000000001eed0000)]
  0x0000000003046000 JavaThread "Reference Handler" daemon [_thread_blocked, id=2540, stack(0x000000001e8d0000,0x000000001e9d0000)]
  0x0000000002f50800 JavaThread "main" [_thread_blocked, id=8336, stack(0x0000000002d90000,0x0000000002e90000)]

Other Threads:
  0x000000001caf9800 VMThread [stack: 0x000000001e7d0000,0x000000001e8d0000] [id=12996]
  0x000000001eaac000 WatcherThread [stack: 0x000000001f6d0000,0x000000001f7d0000] [id=1796]

VM state:not at safepoint (normal execution)

VM Mutex/Monitor currently owned by a thread: None

Heap:
 PSYoungGen      total 202752K, used 145694K [0x000000076af00000, 0x0000000779200000, 0x00000007c0000000)
  eden space 184320K, 79% used [0x000000076af00000,0x0000000773d478f8,0x0000000776300000)
  from space 18432K, 0% used [0x0000000777600000,0x0000000777600000,0x0000000778800000)
  to   space 19456K, 0% used [0x0000000776300000,0x0000000776300000,0x0000000777600000)
 ParOldGen       total 173568K, used 47270K [0x00000006c0c00000, 0x00000006cb580000, 0x000000076af00000)
  object space 173568K, 27% used [0x00000006c0c00000,0x00000006c3a29a98,0x00000006cb580000)
 Metaspace       used 62559K, capacity 63402K, committed 64088K, reserved 1105920K
  class space    used 8016K, capacity 8240K, committed 8320K, reserved 1048576K

Card table byte_map: [0x0000000012410000,0x0000000012c10000] byte_map_base: 0x000000000ee0a000

Marking Bits: (ParMarkBitMap*) 0x0000000061b1b6d0
 Begin Bits: [0x0000000013970000, 0x0000000017940000)
 End Bits:   [0x0000000017940000, 0x000000001b910000)

Polling page: 0x0000000001540000

CodeCache: size=245760Kb used=23858Kb max_used=23911Kb free=221901Kb
 bounds [0x0000000003050000, 0x00000000047d0000, 0x0000000012050000]
 total_blobs=6804 nmethods=6019 adapters=697
 compilation: enabled

Compilation events (10 events):
Event: 31.197 Thread 0x000000001cb0a800 7212       3       java.util.EventObject::<init> (24 bytes)
Event: 31.197 Thread 0x000000001cb0a800 nmethod 7212 0x00000000034ef6d0 code [0x00000000034ef840, 0x00000000034efb08]
Event: 31.197 Thread 0x000000001cb0a800 7214   !   3       org.springframework.util.ConcurrentReferenceHashMap$Segment::clear (44 bytes)
Event: 31.198 Thread 0x000000001cb0a800 nmethod 7214 0x000000000478a550 code [0x000000000478a740, 0x000000000478b1b8]
Event: 31.198 Thread 0x000000001cb0a800 7213       3       java.text.SimpleDateFormat::subFormat (1260 bytes)
Event: 31.204 Thread 0x000000001cb0a800 nmethod 7213 0x000000000478b5d0 code [0x000000000478c000, 0x00000000047952d8]
Event: 31.204 Thread 0x000000001cb0a800 7215       3       java.util.concurrent.ConcurrentHashMap$BaseIterator::remove (37 bytes)
Event: 31.205 Thread 0x000000001cb0a800 nmethod 7215 0x0000000003372690 code [0x0000000003372820, 0x0000000003372b58]
Event: 31.577 Thread 0x000000001e9fe000 nmethod 7090 0x00000000047a8dd0 code [0x00000000047a9640, 0x00000000047b3860]
Event: 31.578 Thread 0x000000001e9fe000 7195   !   4       org.apache.tomcat.util.IntrospectionUtils::setProperty (884 bytes)

GC Heap History (10 events):
Event: 13.942 GC heap before
{Heap before GC invocations=11 (full 2):
 PSYoungGen      total 126464K, used 7669K [0x000000076af00000, 0x0000000777180000, 0x00000007c0000000)
  eden space 109568K, 0% used [0x000000076af00000,0x000000076af00000,0x0000000771a00000)
  from space 16896K, 45% used [0x0000000771a00000,0x000000077217d558,0x0000000772a80000)
  to   space 17408K, 0% used [0x0000000776080000,0x0000000776080000,0x0000000777180000)
 ParOldGen       total 120320K, used 25821K [0x00000006c0c00000, 0x00000006c8180000, 0x000000076af00000)
  object space 120320K, 21% used [0x00000006c0c00000,0x00000006c2537420,0x00000006c8180000)
 Metaspace       used 34514K, capacity 35246K, committed 35456K, reserved 1081344K
  class space    used 4236K, capacity 4448K, committed 4480K, reserved 1048576K
Event: 14.013 GC heap after
Heap after GC invocations=11 (full 2):
 PSYoungGen      total 126464K, used 0K [0x000000076af00000, 0x0000000777180000, 0x00000007c0000000)
  eden space 109568K, 0% used [0x000000076af00000,0x000000076af00000,0x0000000771a00000)
  from space 16896K, 0% used [0x0000000771a00000,0x0000000771a00000,0x0000000772a80000)
  to   space 17408K, 0% used [0x0000000776080000,0x0000000776080000,0x0000000777180000)
 ParOldGen       total 173568K, used 30837K [0x00000006c0c00000, 0x00000006cb580000, 0x000000076af00000)
  object space 173568K, 17% used [0x00000006c0c00000,0x00000006c2a1d420,0x00000006cb580000)
 Metaspace       used 34514K, capacity 35246K, committed 35456K, reserved 1081344K
  class space    used 4236K, capacity 4448K, committed 4480K, reserved 1048576K
}
Event: 14.803 GC heap before
{Heap before GC invocations=12 (full 2):
 PSYoungGen      total 126464K, used 109530K [0x000000076af00000, 0x0000000777180000, 0x00000007c0000000)
  eden space 109568K, 99% used [0x000000076af00000,0x00000007719f6880,0x0000000771a00000)
  from space 16896K, 0% used [0x0000000771a00000,0x0000000771a00000,0x0000000772a80000)
  to   space 17408K, 0% used [0x0000000776080000,0x0000000776080000,0x0000000777180000)
 ParOldGen       total 173568K, used 30837K [0x00000006c0c00000, 0x00000006cb580000, 0x000000076af00000)
  object space 173568K, 17% used [0x00000006c0c00000,0x00000006c2a1d420,0x00000006cb580000)
 Metaspace       used 39452K, capacity 40258K, committed 40576K, reserved 1085440K
  class space    used 4928K, capacity 5166K, committed 5248K, reserved 1048576K
Event: 14.812 GC heap after
Heap after GC invocations=12 (full 2):
 PSYoungGen      total 153088K, used 8130K [0x000000076af00000, 0x0000000776880000, 0x00000007c0000000)
  eden space 144896K, 0% used [0x000000076af00000,0x000000076af00000,0x0000000773c80000)
  from space 8192K, 99% used [0x0000000776080000,0x00000007768709c8,0x0000000776880000)
  to   space 17408K, 0% used [0x0000000774680000,0x0000000774680000,0x0000000775780000)
 ParOldGen       total 173568K, used 30845K [0x00000006c0c00000, 0x00000006cb580000, 0x000000076af00000)
  object space 173568K, 17% used [0x00000006c0c00000,0x00000006c2a1f420,0x00000006cb580000)
 Metaspace       used 39452K, capacity 40258K, committed 40576K, reserved 1085440K
  class space    used 4928K, capacity 5166K, committed 5248K, reserved 1048576K
}
Event: 25.411 GC heap before
{Heap before GC invocations=13 (full 2):
 PSYoungGen      total 153088K, used 153026K [0x000000076af00000, 0x0000000776880000, 0x00000007c0000000)
  eden space 144896K, 100% used [0x000000076af00000,0x0000000773c80000,0x0000000773c80000)
  from space 8192K, 99% used [0x0000000776080000,0x00000007768709c8,0x0000000776880000)
  to   space 17408K, 0% used [0x0000000774680000,0x0000000774680000,0x0000000775780000)
 ParOldGen       total 173568K, used 30845K [0x00000006c0c00000, 0x00000006cb580000, 0x000000076af00000)
  object space 173568K, 17% used [0x00000006c0c00000,0x00000006c2a1f420,0x00000006cb580000)
 Metaspace       used 51026K, capacity 51852K, committed 52352K, reserved 1095680K
  class space    used 6464K, capacity 6677K, committed 6784K, reserved 1048576K
Event: 25.423 GC heap after
Heap after GC invocations=13 (full 2):
 PSYoungGen      total 172544K, used 15163K [0x000000076af00000, 0x0000000778800000, 0x00000007c0000000)
  eden space 155136K, 0% used [0x000000076af00000,0x000000076af00000,0x0000000774680000)
  from space 17408K, 87% used [0x0000000774680000,0x000000077554ede0,0x0000000775780000)
  to   space 18432K, 0% used [0x0000000777600000,0x0000000777600000,0x0000000778800000)
 ParOldGen       total 173568K, used 34045K [0x00000006c0c00000, 0x00000006cb580000, 0x000000076af00000)
  object space 173568K, 19% used [0x00000006c0c00000,0x00000006c2d3f450,0x00000006cb580000)
 Metaspace       used 51026K, capacity 51852K, committed 52352K, reserved 1095680K
  class space    used 6464K, capacity 6677K, committed 6784K, reserved 1048576K
}
Event: 29.887 GC heap before
{Heap before GC invocations=14 (full 2):
 PSYoungGen      total 172544K, used 137690K [0x000000076af00000, 0x0000000778800000, 0x00000007c0000000)
  eden space 155136K, 78% used [0x000000076af00000,0x00000007726a7df0,0x0000000774680000)
  from space 17408K, 87% used [0x0000000774680000,0x000000077554ede0,0x0000000775780000)
  to   space 18432K, 0% used [0x0000000777600000,0x0000000777600000,0x0000000778800000)
 ParOldGen       total 173568K, used 34045K [0x00000006c0c00000, 0x00000006cb580000, 0x000000076af00000)
  object space 173568K, 19% used [0x00000006c0c00000,0x00000006c2d3f450,0x00000006cb580000)
 Metaspace       used 57963K, capacity 58762K, committed 59096K, reserved 1101824K
  class space    used 7449K, capacity 7674K, committed 7680K, reserved 1048576K
Event: 29.905 GC heap after
Heap after GC invocations=14 (full 2):
 PSYoungGen      total 202752K, used 17514K [0x000000076af00000, 0x0000000779200000, 0x00000007c0000000)
  eden space 184320K, 0% used [0x000000076af00000,0x000000076af00000,0x0000000776300000)
  from space 18432K, 95% used [0x0000000777600000,0x000000077871a890,0x0000000778800000)
  to   space 19456K, 0% used [0x0000000776300000,0x0000000776300000,0x0000000777600000)
 ParOldGen       total 173568K, used 34053K [0x00000006c0c00000, 0x00000006cb580000, 0x000000076af00000)
  object space 173568K, 19% used [0x00000006c0c00000,0x00000006c2d41450,0x00000006cb580000)
 Metaspace       used 57963K, capacity 58762K, committed 59096K, reserved 1101824K
  class space    used 7449K, capacity 7674K, committed 7680K, reserved 1048576K
}
Event: 29.905 GC heap before
{Heap before GC invocations=15 (full 3):
 PSYoungGen      total 202752K, used 17514K [0x000000076af00000, 0x0000000779200000, 0x00000007c0000000)
  eden space 184320K, 0% used [0x000000076af00000,0x000000076af00000,0x0000000776300000)
  from space 18432K, 95% used [0x0000000777600000,0x000000077871a890,0x0000000778800000)
  to   space 19456K, 0% used [0x0000000776300000,0x0000000776300000,0x0000000777600000)
 ParOldGen       total 173568K, used 34053K [0x00000006c0c00000, 0x00000006cb580000, 0x000000076af00000)
  object space 173568K, 19% used [0x00000006c0c00000,0x00000006c2d41450,0x00000006cb580000)
 Metaspace       used 57963K, capacity 58762K, committed 59096K, reserved 1101824K
  class space    used 7449K, capacity 7674K, committed 7680K, reserved 1048576K
Event: 30.111 GC heap after
Heap after GC invocations=15 (full 3):
 PSYoungGen      total 202752K, used 0K [0x000000076af00000, 0x0000000779200000, 0x00000007c0000000)
  eden space 184320K, 0% used [0x000000076af00000,0x000000076af00000,0x0000000776300000)
  from space 18432K, 0% used [0x0000000777600000,0x0000000777600000,0x0000000778800000)
  to   space 19456K, 0% used [0x0000000776300000,0x0000000776300000,0x0000000777600000)
 ParOldGen       total 173568K, used 47270K [0x00000006c0c00000, 0x00000006cb580000, 0x000000076af00000)
  object space 173568K, 27% used [0x00000006c0c00000,0x00000006c3a29a98,0x00000006cb580000)
 Metaspace       used 57963K, capacity 58762K, committed 59096K, reserved 1101824K
  class space    used 7449K, capacity 7674K, committed 7680K, reserved 1048576K
}

Deoptimization events (10 events):
Event: 30.856 Thread 0x000000001ff28000 Uncommon trap: reason=bimorphic action=maybe_recompile pc=0x000000000418fac0 method=java.lang.ClassLoader.loadClass(Ljava/lang/String;Z)Ljava/lang/Class; @ 38
Event: 30.856 Thread 0x000000001ff28000 Uncommon trap: reason=bimorphic action=maybe_recompile pc=0x000000000418fac0 method=java.lang.ClassLoader.loadClass(Ljava/lang/String;Z)Ljava/lang/Class; @ 38
Event: 31.060 Thread 0x000000001ff28000 Uncommon trap: reason=predicate action=maybe_recompile pc=0x000000000456e4d0 method=org.springframework.util.ReflectionUtils.doWithMethods(Ljava/lang/Class;Lorg/springframework/util/ReflectionUtils$MethodCallback;Lorg/springframework/util/ReflectionUtils$
Event: 31.104 Thread 0x000000001ff28000 Uncommon trap: reason=class_check action=maybe_recompile pc=0x00000000038a6a0c method=java.util.Collections$UnmodifiableMap.isEmpty()Z @ 4
Event: 31.104 Thread 0x000000001ff28000 Uncommon trap: reason=unstable_if action=reinterpret pc=0x00000000031a1f5c method=org.springframework.util.ConcurrentReferenceHashMap$Segment.clear()V @ 4
Event: 31.104 Thread 0x000000001ff28000 Uncommon trap: reason=unstable_if action=reinterpret pc=0x0000000003f89fd4 method=org.springframework.util.ConcurrentReferenceHashMap$Segment.clear()V @ 4
Event: 31.170 Thread 0x000000001ff28000 Uncommon trap: reason=class_check action=maybe_recompile pc=0x0000000003552e98 method=java.util.AbstractList$Itr.hasNext()Z @ 8
Event: 31.170 Thread 0x000000001ff28000 Uncommon trap: reason=class_check action=maybe_recompile pc=0x00000000035e8a58 method=java.util.AbstractList$Itr.next()Ljava/lang/Object; @ 14
Event: 31.197 Thread 0x000000001ff28000 Uncommon trap: reason=bimorphic action=maybe_recompile pc=0x00000000037555a0 method=java.util.Hashtable.get(Ljava/lang/Object;)Ljava/lang/Object; @ 6
Event: 31.197 Thread 0x000000001ff28000 Uncommon trap: reason=bimorphic action=maybe_recompile pc=0x00000000037555a0 method=java.util.Hashtable.get(Ljava/lang/Object;)Ljava/lang/Object; @ 6

Internal exceptions (10 events):
Event: 31.049 Thread 0x000000001ff28000 Exception <a 'java/lang/ClassNotFoundException': java/lang/ObjectCustomizer> (0x0000000772322d28) thrown at [C:\re\workspace\8-2-build-windows-amd64-cygwin\jdk8u121\8372\hotspot\src\share\vm\classfile\systemDictionary.cpp, line 210]
Event: 31.049 Thread 0x000000001ff28000 Exception <a 'java/lang/ClassNotFoundException': org/springframework/boot/autoconfigure/web/WebClientAutoConfiguration$RestTemplateConfigurationCustomizer> (0x0000000772344038) thrown at [C:\re\workspace\8-2-build-windows-amd64-cygwin\jdk8u121\8372\hotspo
Event: 31.050 Thread 0x000000001ff28000 Exception <a 'java/lang/ClassNotFoundException': org/springframework/boot/autoconfigure/web/WebClientAutoConfiguration$RestTemplateConfiguration$$EnhancerBySpringCGLIB$$cb1abb12Customizer> (0x000000077236a550) thrown at [C:\re\workspace\8-2-build-windows-
Event: 31.050 Thread 0x000000001ff28000 Exception <a 'java/lang/ClassNotFoundException': org/springframework/context/annotation/ConfigurationClassEnhancer$EnhancedConfigurationCustomizer> (0x000000077238d878) thrown at [C:\re\workspace\8-2-build-windows-amd64-cygwin\jdk8u121\8372\hotspot\src\sh
Event: 31.057 Thread 0x000000001ff28000 Exception <a 'java/lang/ClassNotFoundException': org/springframework/boot/web/client/RestTemplateBuilderBeanInfo> (0x000000077243baa8) thrown at [C:\re\workspace\8-2-build-windows-amd64-cygwin\jdk8u121\8372\hotspot\src\share\vm\classfile\systemDictionary.
Event: 31.057 Thread 0x000000001ff28000 Exception <a 'java/lang/ClassNotFoundException': org/springframework/boot/web/client/RestTemplateBuilderCustomizer> (0x0000000772450428) thrown at [C:\re\workspace\8-2-build-windows-amd64-cygwin\jdk8u121\8372\hotspot\src\share\vm\classfile\systemDictionar
Event: 31.058 Thread 0x000000001ff28000 Exception <a 'java/lang/ClassNotFoundException': java/lang/ObjectCustomizer> (0x0000000772485ba8) thrown at [C:\re\workspace\8-2-build-windows-amd64-cygwin\jdk8u121\8372\hotspot\src\share\vm\classfile\systemDictionary.cpp, line 210]
Event: 31.059 Thread 0x000000001ff28000 Exception <a 'java/lang/ClassNotFoundException': org/springframework/boot/autoconfigure/web/WebClientAutoConfigurationCustomizer> (0x00000007724a15d0) thrown at [C:\re\workspace\8-2-build-windows-amd64-cygwin\jdk8u121\8372\hotspot\src\share\vm\classfile\s
Event: 31.059 Thread 0x000000001ff28000 Exception <a 'java/lang/ClassNotFoundException': org/springframework/boot/autoconfigure/web/WebClientAutoConfiguration$$EnhancerBySpringCGLIB$$d48a68aeCustomizer> (0x00000007724c1cc0) thrown at [C:\re\workspace\8-2-build-windows-amd64-cygwin\jdk8u121\8372
Event: 31.059 Thread 0x000000001ff28000 Exception <a 'java/lang/ClassNotFoundException': org/springframework/context/annotation/ConfigurationClassEnhancer$EnhancedConfigurationCustomizer> (0x00000007724e34f0) thrown at [C:\re\workspace\8-2-build-windows-amd64-cygwin\jdk8u121\8372\hotspot\src\sh

Events (10 events):
Event: 31.199 loading class org/springframework/boot/CommandLineRunner done
Event: 31.200 loading class org/springframework/util/StopWatch$TaskInfo
Event: 31.200 loading class org/springframework/util/StopWatch$TaskInfo done
Event: 31.201 Thread 0x000000001ff28000 Thread exited: 0x000000001ff28000
Event: 31.201 Executing VM operation: RevokeBias
Event: 31.201 Executing VM operation: RevokeBias done
Event: 31.204 Thread 0x000000001cb0a800 flushing nmethod 0x000000000387a4d0
Event: 31.205 Thread 0x000000001cb0a800 flushing nmethod 0x000000000392fc10
Event: 31.205 Thread 0x000000001cb0a800 flushing nmethod 0x0000000003991d10
Event: 31.205 Thread 0x000000001cb0a800 flushing nmethod 0x00000000039938d0


Dynamic libraries:
0x00007ff7a5940000 - 0x00007ff7a5977000 	c:\jdk8\bin\java.exe
0x00007ffde49c0000 - 0x00007ffde4b9b000 	C:\WINDOWS\SYSTEM32\ntdll.dll
0x00007ffde2770000 - 0x00007ffde281e000 	C:\WINDOWS\System32\KERNEL32.DLL
0x00007ffde1cd0000 - 0x00007ffde1f19000 	C:\WINDOWS\System32\KERNELBASE.dll
0x00007ffde2030000 - 0x00007ffde20d1000 	C:\WINDOWS\System32\ADVAPI32.dll
0x00007ffde1f80000 - 0x00007ffde201d000 	C:\WINDOWS\System32\msvcrt.dll
0x00007ffde2240000 - 0x00007ffde2299000 	C:\WINDOWS\System32\sechost.dll
0x00007ffde4690000 - 0x00007ffde47b5000 	C:\WINDOWS\System32\RPCRT4.dll
0x00007ffde2ad0000 - 0x00007ffde2c1a000 	C:\WINDOWS\System32\USER32.dll
0x00007ffde1aa0000 - 0x00007ffde1abe000 	C:\WINDOWS\System32\win32u.dll
0x00007ffde4360000 - 0x00007ffde4387000 	C:\WINDOWS\System32\GDI32.dll
0x00007ffde1640000 - 0x00007ffde17c7000 	C:\WINDOWS\System32\gdi32full.dll
0x00007ffde1ac0000 - 0x00007ffde1b5a000 	C:\WINDOWS\System32\msvcp_win.dll
0x00007ffde19a0000 - 0x00007ffde1a96000 	C:\WINDOWS\System32\ucrtbase.dll
0x00007ffdd4380000 - 0x00007ffdd45e7000 	C:\WINDOWS\WinSxS\amd64_microsoft.windows.common-controls_6595b64144ccf1df_6.0.15063.483_none_26002d27e7c744a2\COMCTL32.dll
0x00007ffde4390000 - 0x00007ffde4689000 	C:\WINDOWS\System32\combase.dll
0x00007ffde1b60000 - 0x00007ffde1bca000 	C:\WINDOWS\System32\bcryptPrimitives.dll
0x00007ffde4330000 - 0x00007ffde435d000 	C:\WINDOWS\System32\IMM32.DLL
0x0000000061ba0000 - 0x0000000061c72000 	c:\jdk8\jre\bin\msvcr100.dll
0x0000000061300000 - 0x0000000061b9b000 	c:\jdk8\jre\bin\server\jvm.dll
0x00007ffde2020000 - 0x00007ffde2028000 	C:\WINDOWS\System32\PSAPI.DLL
0x00007ffdcd0c0000 - 0x00007ffdcd0c9000 	C:\WINDOWS\SYSTEM32\WSOCK32.dll
0x00007ffddf420000 - 0x00007ffddf443000 	C:\WINDOWS\SYSTEM32\WINMM.dll
0x00007ffddcf00000 - 0x00007ffddcf0a000 	C:\WINDOWS\SYSTEM32\VERSION.dll
0x00007ffde2700000 - 0x00007ffde276c000 	C:\WINDOWS\System32\WS2_32.dll
0x00007ffddf3f0000 - 0x00007ffddf41b000 	C:\WINDOWS\SYSTEM32\winmmbase.dll
0x00007ffde1c80000 - 0x00007ffde1cc9000 	C:\WINDOWS\System32\cfgmgr32.dll
0x00000000612f0000 - 0x00000000612ff000 	c:\jdk8\jre\bin\verify.dll
0x00000000612c0000 - 0x00000000612e9000 	c:\jdk8\jre\bin\java.dll
0x00000000612a0000 - 0x00000000612b6000 	c:\jdk8\jre\bin\zip.dll
0x00007ffde2ef0000 - 0x00007ffde4326000 	C:\WINDOWS\System32\SHELL32.dll
0x00007ffde2a20000 - 0x00007ffde2aca000 	C:\WINDOWS\System32\shcore.dll
0x00007ffde0f40000 - 0x00007ffde1631000 	C:\WINDOWS\System32\windows.storage.dll
0x00007ffde2dd0000 - 0x00007ffde2e21000 	C:\WINDOWS\System32\shlwapi.dll
0x00007ffde0ea0000 - 0x00007ffde0eb1000 	C:\WINDOWS\System32\kernel.appcore.dll
0x00007ffde0e50000 - 0x00007ffde0e9c000 	C:\WINDOWS\System32\powrprof.dll
0x00007ffde0e30000 - 0x00007ffde0e45000 	C:\WINDOWS\System32\profapi.dll
0x0000000061280000 - 0x000000006129a000 	C:\jdk8\jre\bin\net.dll
0x00007ffde06e0000 - 0x00007ffde073c000 	C:\WINDOWS\system32\mswsock.dll
0x0000000061260000 - 0x0000000061271000 	C:\jdk8\jre\bin\nio.dll
0x0000000061250000 - 0x000000006125d000 	C:\jdk8\jre\bin\management.dll
0x00007ffdb2560000 - 0x00007ffdb2576000 	C:\WINDOWS\system32\napinsp.dll
0x00007ffdb2540000 - 0x00007ffdb255a000 	C:\WINDOWS\system32\pnrpnsp.dll
0x00007ffddde50000 - 0x00007ffddde68000 	C:\WINDOWS\system32\NLAapi.dll
0x00007ffde04c0000 - 0x00007ffde0564000 	C:\WINDOWS\SYSTEM32\DNSAPI.dll
0x00007ffde2230000 - 0x00007ffde2238000 	C:\WINDOWS\System32\NSI.dll
0x00007ffde0480000 - 0x00007ffde04b7000 	C:\WINDOWS\SYSTEM32\IPHLPAPI.DLL
0x00007ffdd0e20000 - 0x00007ffdd0e2e000 	C:\WINDOWS\System32\winrnr.dll
0x00007ffdde4a0000 - 0x00007ffdde4b5000 	C:\WINDOWS\System32\wshbth.dll
0x00007ffdd6e10000 - 0x00007ffdd6e1a000 	C:\Windows\System32\rasadhlp.dll
0x00007ffdd8d50000 - 0x00007ffdd8dbb000 	C:\WINDOWS\System32\fwpuclnt.dll
0x00007ffde0d00000 - 0x00007ffde0d25000 	C:\WINDOWS\SYSTEM32\bcrypt.dll
0x00007ffde0890000 - 0x00007ffde08a7000 	C:\WINDOWS\SYSTEM32\CRYPTSP.dll
0x00007ffde0300000 - 0x00007ffde0334000 	C:\WINDOWS\system32\rsaenh.dll
0x00007ffde0d60000 - 0x00007ffde0d89000 	C:\WINDOWS\SYSTEM32\USERENV.dll
0x00007ffde0880000 - 0x00007ffde088b000 	C:\WINDOWS\SYSTEM32\CRYPTBASE.dll
0x00007ffddb9d0000 - 0x00007ffddb9e6000 	C:\WINDOWS\SYSTEM32\dhcpcsvc6.DLL
0x00007ffddb990000 - 0x00007ffddb9aa000 	C:\WINDOWS\SYSTEM32\dhcpcsvc.DLL

VM Arguments:
jvm_args: -Dclassworlds.conf=C:\Apache\apache-maven-3.3.9\bin\m2.conf -Dmaven.home=C:\Apache\apache-maven-3.3.9 -Dmaven.multiModuleProjectDirectory=C:\QATEclipseWorkSpace\SpringSecurityLoginTutorial 
java_command: org.codehaus.plexus.classworlds.launcher.Launcher spring-boot:run
java_class_path (initial): C:\Apache\apache-maven-3.3.9\boot\plexus-classworlds-2.5.2.jar
Launcher Type: SUN_STANDARD

Environment Variables:
JAVA_HOME=c:\jdk8
PATH=C:\ProgramData\Oracle\Java\javapath;C:\WINDOWS\system32;C:\WINDOWS;C:\WINDOWS\System32\Wbem;C:\WINDOWS\System32\WindowsPowerShell\v1.0\;C:\Program Files (x86)\Skype\Phone\;c:\jdk8\bin;C:\Apache\apache-maven-3.3.9\bin;C:\Program Files\IBM\Bluemix\bin;C:\Program Files\Cloud Foundry;C:\Program Files\TortoiseSVN\bin;C:\Program Files\nodejs\;C:\Users\QAT-EMPLOYEE\AppData\Local\Microsoft\WindowsApps;;C:\Program Files (x86)\Microsoft VS Code\bin;C:\Users\QAT-EMPLOYEE\AppData\Roaming\npm
USERNAME=QAT-EMPLOYEE
OS=Windows_NT
PROCESSOR_IDENTIFIER=Intel64 Family 6 Model 60 Stepping 3, GenuineIntel



---------------  S Y S T E M  ---------------

OS: Windows 10.0 , 64 bit Build 15063 (10.0.15063.296)

CPU:total 8 (4 cores per cpu, 2 threads per core) family 6 model 60 stepping 3, cmov, cx8, fxsr, mmx, sse, sse2, sse3, ssse3, sse4.1, sse4.2, popcnt, avx, avx2, aes, clmul, erms, lzcnt, ht, tsc, tscinvbit, bmi1, bmi2

Memory: 4k page, physical 16727240k(1592764k free), swap 16727240k(4604k free)

vm_info: Java HotSpot(TM) 64-Bit Server VM (25.121-b13) for windows-amd64 JRE (1.8.0_121-b13), built on Dec 12 2016 18:21:36 by "java_re" with MS VC++ 10.0 (VS2010)

time: Wed Nov 08 15:04:56 2017
elapsed time: 31 seconds (0d 0h 0m 31s)

